<?xml version="1.0" encoding="UTF-8"?>
<testng-results skipped="0" failed="0" ignored="0" total="1" passed="1">
  <reporter-output>
  </reporter-output>
  <suite name="Default suite" duration-ms="65" started-at="2022-12-02T10:26:43 IST" finished-at="2022-12-02T10:26:43 IST">
    <groups>
    </groups>
    <test name="Default test" duration-ms="65" started-at="2022-12-02T10:26:43 IST" finished-at="2022-12-02T10:26:43 IST">
      <class name="unitTest.ReaderMap">
        <test-method status="PASS" signature="map2()[pri:0, instance:unitTest.ReaderMap@5c5a1b69]" name="map2" duration-ms="15" started-at="2022-12-02T10:26:43 IST" finished-at="2022-12-02T10:26:43 IST">
          <reporter-output>
          </reporter-output>
        </test-method> <!-- map2 -->
      </class> <!-- unitTest.ReaderMap -->
    </test> <!-- Default test -->
  </suite> <!-- Default suite -->
</testng-results>
